2021-10-24 00:00:15 INFO  BaseTest:138 - 时间到了
2021-10-24 00:00:22 INFO  BaseTest:64 - ======================打开测试App===========================
2021-10-24 00:00:22 INFO  BaseTest:75 - 设置全局隐式等待时间【10】
2021-10-24 00:00:22 INFO  BaseTest:20 - 进入测试CASE
2021-10-24 00:00:26 INFO  BasePage:32 - 点击了元素【点击预约管理】
2021-10-24 00:00:27 INFO  BasePage:32 - 点击了元素【点击周六选项卡】
2021-10-24 00:00:29 INFO  BasePage:59 - 输出预约状态【7可预约】
2021-10-24 00:00:30 INFO  BasePage:63 - __跑到这里，基本上就是预约成功了
2021-10-24 00:00:33 INFO  BasePage:95 - 获取元素的【我知道了按钮】文本【知道了】
2021-10-24 00:00:33 INFO  BasePage:32 - 点击了元素【点击我知道了】
2021-10-24 00:00:45 ERROR BasePage:27 - 定位元素异常【点击返回主页】
2021-10-24 00:00:45 ERROR BasePage:28 - org.openqa.selenium.NoSuchElementException: An element could not be located on the page using the given search parameters.
For documentation on this error, please visit: https://www.seleniumhq.org/exceptions/no_such_element.html
Build info: version: '3.141.59', revision: 'e82be7d358', time: '2018-11-14T08:17:03'
System info: host: 'PC-XP', ip: '192.168.56.1', os.name: 'Windows 8.1', os.arch: 'amd64', os.version: '6.3', java.version: '1.8.0_11'
Driver info: io.appium.java_client.android.AndroidDriver
Capabilities {appActivity: com.xcgl.dbs.ui.main.view.F..., appPackage: com.xcgl.dbs, appWaitDuration: 50000, databaseEnabled: false, desired: {appActivity: com.xcgl.dbs.ui.main.view.F..., appPackage: com.xcgl.dbs, appWaitDuration: 50000, deviceName: emulator-5554, noReset: true, platformName: android}, deviceManufacturer: smartisan, deviceModel: DT1901A, deviceName: emulator-5554, deviceScreenSize: 900x1600, deviceUDID: emulator-5554, javascriptEnabled: true, locationContextEnabled: false, networkConnectionEnabled: true, noReset: true, platform: LINUX, platformName: Android, platformVersion: 5.1.1, takesScreenshot: true, warnings: {}, webStorageEnabled: false}
Session ID: ce1da7e1-7a30-448b-bf30-5895e1c6c1d3
*** Element info: {Using=id, value=com.xcgl.dbs:id/iv_left}
2021-10-24 00:00:45 INFO  BaseTest:59 - 结束测试CASE
2021-10-24 00:00:45 INFO  BaseTest:20 - 进入测试CASE
2021-10-24 00:00:49 INFO  BasePage:32 - 点击了元素【点击预约管理】
2021-10-24 00:00:50 INFO  BasePage:95 - 获取元素的【预约成功】文本【预约成功】
2021-10-24 00:00:50 INFO  BaseTest:59 - 结束测试CASE
2021-10-24 00:00:52 INFO  BaseTest:84 - 关闭测试App
